DEBUG:httpx:load_verify_locations cafile='/etc/ssl/certs/ca-certificates.crt'
DEBUG:icloud_logs:Encoding dataset
DEBUG:universal_analytics.requests:Request: POST https://www.google-analytics.com/collect; payload=el=0.21.4-NONE&t=event&ec=import&ea=returning&v=1&tid=UA-141773487-9&cid=5fa1c768-cd35-457c-b4bb-8412e2a8d0ef
DEBUG:httpcore.connection:connect_tcp.started host='www.google-analytics.com' port=443 local_address=None timeout=5.0 socket_options=None
DEBUG:httpcore.connection:connect_tcp.complete return_value=<httpcore._backends.sync.SyncStream object at 0x7f1fc085b9a0>
DEBUG:httpcore.connection:start_tls.started ssl_context=<ssl.SSLContext object at 0x7f1fc127dfc0> server_hostname='www.google-analytics.com' timeout=5.0
DEBUG:httpcore.connection:start_tls.complete return_value=<httpcore._backends.sync.SyncStream object at 0x7f1fc085ba30>
DEBUG:httpcore.http11:send_request_headers.started request=<Request [b'POST']>
DEBUG:httpcore.http11:send_request_headers.complete
DEBUG:httpcore.http11:send_request_body.started request=<Request [b'POST']>
DEBUG:httpcore.http11:send_request_body.complete
DEBUG:httpcore.http11:receive_response_headers.started request=<Request [b'POST']>
DEBUG:httpcore.http11:receive_response_headers.complete return_value=(b'HTTP/1.1', 200, b'OK', [(b'Access-Control-Allow-Origin', b'*'), (b'Date', b'Fri, 28 Jul 2023 01:59:18 GMT'), (b'Pragma', b'no-cache'), (b'Expires', b'Fri, 01 Jan 1990 00:00:00 GMT'), (b'Cache-Control', b'no-cache, no-store, must-revalidate'), (b'Last-Modified', b'Sun, 17 May 1998 03:00:00 GMT'), (b'X-Content-Type-Options', b'nosniff'), (b'Content-Type', b'image/gif'), (b'Cross-Origin-Resource-Policy', b'cross-origin'), (b'Server', b'Golfe2'), (b'Content-Length', b'35'), (b'Alt-Svc', b'h3=":443"; ma=2592000,h3-29=":443"; ma=2592000')])
INFO:httpx:HTTP Request: POST https://www.google-analytics.com/collect "HTTP/1.1 200 OK"
DEBUG:httpcore.http11:receive_response_body.started request=<Request [b'POST']>
DEBUG:httpcore.http11:receive_response_body.complete
DEBUG:httpcore.http11:response_closed.started
DEBUG:httpcore.http11:response_closed.complete
DEBUG:httpcore.connection:close.started
DEBUG:httpcore.connection:close.complete
DEBUG:icloud_logs:Encoded 0 images
