2023-07-28 13:59:17,687 - Encoding dataset
2023-07-28 13:59:18,069 - Encoded 0 images
2023-07-30 16:33:17,860 - Encoding dataset
2023-07-30 16:34:39,694 - Encoding dataset
2023-07-30 16:34:51,774 - Encoding dataset
2023-07-30 16:35:31,149 - Encoding dataset
2023-07-30 16:35:57,993 - Encoding dataset
2023-07-30 16:37:41,686 - Encoding dataset
2023-07-30 16:37:51,858 - Encoding dataset
2023-07-30 16:39:05,841 - Encoding dataset
2023-07-30 16:40:02,736 - Encoding dataset
2023-07-30 16:40:17,666 - Encoding dataset
2023-07-30 16:40:17,672 - Encoded /home/fergus/data/icloud_data/raw_icloud/IMG_3126.jpg images
2023-07-30 16:40:17,672 - Encoded 1 images
2023-07-30 16:41:17,185 - Encoding dataset
2023-07-30 16:41:17,191 - Encoded /home/fergus/data/icloud_data/raw_icloud/IMG_4155.jpg images
2023-07-30 16:41:17,191 - Encoded 1 images
2023-07-30 16:41:22,922 - Encoding dataset
2023-07-30 16:41:22,929 - Encoded /home/fergus/data/icloud_data/raw_icloud/IMG_2872.jpg images
2023-07-30 16:41:22,929 - Encoded 1 images
2023-07-30 16:42:07,184 - Encoding dataset
2023-07-30 16:42:07,218 - Encoded /home/fergus/data/icloud_data/raw_icloud/65406640450__2035E50E-1163-4602-A1E7-441C3124A9FB.jpg images
2023-07-30 16:42:07,222 - Encoded /home/fergus/data/icloud_data/raw_icloud/65511171636__33477F60-3F0A-4C42-A5CC-D430B9AFB785.jpg images
2023-07-30 16:42:07,225 - Encoded /home/fergus/data/icloud_data/raw_icloud/65563041563__2535EEAA-8B68-475F-AC4A-ACEF1D65BF6D.jpg images
2023-07-30 16:42:07,228 - Encoded /home/fergus/data/icloud_data/raw_icloud/67679798003__9EA3875E-3FE3-4EAA-BED5-1AB17FCAF02B.jpg images
2023-07-30 16:42:07,231 - Encoded /home/fergus/data/icloud_data/raw_icloud/68414075190__4FDAB71A-6D36-4A63-97EF-8653B9D5CD42.jpg images
2023-07-30 16:42:07,235 - Encoded /home/fergus/data/icloud_data/raw_icloud/68490478794__7894C590-2646-49AD-B65D-2BDC65824C5F.jpg images
2023-07-30 16:42:07,239 - Encoded /home/fergus/data/icloud_data/raw_icloud/68885754547__93822554-80E1-4A47-94A6-D07C21854B9E.jpg images
2023-07-30 16:42:07,243 - Encoded /home/fergus/data/icloud_data/raw_icloud/IMG_0037.jpg images
2023-07-30 16:42:07,246 - Encoded /home/fergus/data/icloud_data/raw_icloud/IMG_0043.jpg images
2023-07-30 16:42:07,250 - Encoded /home/fergus/data/icloud_data/raw_icloud/IMG_0049.jpg images
2023-07-30 16:42:07,253 - Encoded /home/fergus/data/icloud_data/raw_icloud/IMG_0050.jpg images
2023-07-30 16:42:07,257 - Encoded /home/fergus/data/icloud_data/raw_icloud/IMG_0207.jpg images
2023-07-30 16:42:07,263 - Encoded /home/fergus/data/icloud_data/raw_icloud/IMG_0208.jpg images
2023-07-30 16:42:07,268 - Encoded /home/fergus/data/icloud_data/raw_icloud/IMG_0209.jpg images
2023-07-30 16:42:07,272 - Encoded /home/fergus/data/icloud_data/raw_icloud/IMG_0210.jpg images
2023-07-30 16:42:07,278 - Encoded /home/fergus/data/icloud_data/raw_icloud/IMG_0211.jpg images
2023-07-30 16:42:07,284 - Encoded /home/fergus/data/icloud_data/raw_icloud/IMG_0212.jpg images
2023-07-30 16:42:07,289 - Encoded /home/fergus/data/icloud_data/raw_icloud/IMG_0213.jpg images
2023-07-30 16:42:07,295 - Encoded /home/fergus/data/icloud_data/raw_icloud/IMG_0214.jpg images
2023-07-30 16:42:07,299 - Encoded /home/fergus/data/icloud_data/raw_icloud/IMG_0637.jpg images
2023-07-30 16:42:07,303 - Encoded /home/fergus/data/icloud_data/raw_icloud/IMG_0638.jpg images
2023-07-30 16:42:07,306 - Encoded /home/fergus/data/icloud_data/raw_icloud/IMG_0676.jpg images
2023-07-30 16:42:07,309 - Encoded /home/fergus/data/icloud_data/raw_icloud/IMG_0807.jpg images
2023-07-30 16:42:07,312 - Encoded /home/fergus/data/icloud_data/raw_icloud/IMG_0811.jpg images
2023-07-30 16:42:07,316 - Encoded /home/fergus/data/icloud_data/raw_icloud/IMG_0812.jpg images
2023-07-30 16:42:07,319 - Encoded /home/fergus/data/icloud_data/raw_icloud/IMG_0813.jpg images
2023-07-30 16:42:07,323 - Encoded /home/fergus/data/icloud_data/raw_icloud/IMG_0815.jpg images
2023-07-30 16:42:07,326 - Encoded /home/fergus/data/icloud_data/raw_icloud/IMG_0816.jpg images
2023-07-30 16:42:07,330 - Encoded /home/fergus/data/icloud_data/raw_icloud/IMG_0817.jpg images
2023-07-30 16:42:07,333 - Encoded /home/fergus/data/icloud_data/raw_icloud/IMG_0818.jpg images
2023-07-30 16:42:07,337 - Encoded /home/fergus/data/icloud_data/raw_icloud/IMG_0819.jpg images
2023-07-30 16:42:07,340 - Encoded /home/fergus/data/icloud_data/raw_icloud/IMG_0820.jpg images
2023-07-30 16:42:07,343 - Encoded /home/fergus/data/icloud_data/raw_icloud/IMG_0821.jpg images
2023-07-30 16:42:07,346 - Encoded /home/fergus/data/icloud_data/raw_icloud/IMG_0822.jpg images
2023-07-30 16:42:07,350 - Encoded /home/fergus/data/icloud_data/raw_icloud/IMG_0823.jpg images
2023-07-30 16:42:07,353 - Encoded /home/fergus/data/icloud_data/raw_icloud/IMG_0824.jpg images
2023-07-30 16:42:07,356 - Encoded /home/fergus/data/icloud_data/raw_icloud/IMG_0825.jpg images
2023-07-30 16:42:07,360 - Encoded /home/fergus/data/icloud_data/raw_icloud/IMG_0826.jpg images
2023-07-30 16:42:07,363 - Encoded /home/fergus/data/icloud_data/raw_icloud/IMG_0827.jpg images
2023-07-30 16:42:07,366 - Encoded /home/fergus/data/icloud_data/raw_icloud/IMG_0828.jpg images
2023-07-30 16:42:07,370 - Encoded /home/fergus/data/icloud_data/raw_icloud/IMG_0829.jpg images
2023-07-30 16:42:07,373 - Encoded /home/fergus/data/icloud_data/raw_icloud/IMG_0841.jpg images
2023-07-30 16:42:07,377 - Encoded /home/fergus/data/icloud_data/raw_icloud/IMG_0849.jpg images
2023-07-30 16:42:07,381 - Encoded /home/fergus/data/icloud_data/raw_icloud/IMG_0904.jpg images
2023-07-30 16:42:07,388 - Encoded /home/fergus/data/icloud_data/raw_icloud/IMG_0974.jpg images
2023-07-30 16:42:07,394 - Encoded /home/fergus/data/icloud_data/raw_icloud/IMG_0975.jpg images
2023-07-30 16:42:07,400 - Encoded /home/fergus/data/icloud_data/raw_icloud/IMG_0976.jpg images
2023-07-30 16:42:07,407 - Encoded /home/fergus/data/icloud_data/raw_icloud/IMG_0977.jpg images
2023-07-30 16:42:07,413 - Encoded /home/fergus/data/icloud_data/raw_icloud/IMG_0978.jpg images
2023-07-30 16:42:07,419 - Encoded /home/fergus/data/icloud_data/raw_icloud/IMG_0979.jpg images
2023-07-30 16:42:07,424 - Encoded /home/fergus/data/icloud_data/raw_icloud/IMG_0980.jpg images
2023-07-30 16:42:07,430 - Encoded /home/fergus/data/icloud_data/raw_icloud/IMG_0981.jpg images
2023-07-30 16:42:07,434 - Encoded /home/fergus/data/icloud_data/raw_icloud/IMG_0982.jpg images
2023-07-30 16:42:07,439 - Encoded /home/fergus/data/icloud_data/raw_icloud/IMG_0983.jpg images
2023-07-30 16:42:07,445 - Encoded /home/fergus/data/icloud_data/raw_icloud/IMG_0984.jpg images
2023-07-30 16:42:07,451 - Encoded /home/fergus/data/icloud_data/raw_icloud/IMG_0985.jpg images
2023-07-30 16:42:07,456 - Encoded /home/fergus/data/icloud_data/raw_icloud/IMG_0986.jpg images
2023-07-30 16:42:07,462 - Encoded /home/fergus/data/icloud_data/raw_icloud/IMG_0987.jpg images
2023-07-30 16:42:07,467 - Encoded /home/fergus/data/icloud_data/raw_icloud/IMG_0988.jpg images
2023-07-30 16:42:07,473 - Encoded /home/fergus/data/icloud_data/raw_icloud/IMG_0989.jpg images
2023-07-30 16:42:07,478 - Encoded /home/fergus/data/icloud_data/raw_icloud/IMG_0990.jpg images
2023-07-30 16:42:07,483 - Encoded /home/fergus/data/icloud_data/raw_icloud/IMG_0991.jpg images
2023-07-30 16:42:07,488 - Encoded /home/fergus/data/icloud_data/raw_icloud/IMG_0992.jpg images
2023-07-30 16:42:07,493 - Encoded /home/fergus/data/icloud_data/raw_icloud/IMG_0994.jpg images
2023-07-30 16:42:07,500 - Encoded /home/fergus/data/icloud_data/raw_icloud/IMG_0995.jpg images
2023-07-30 16:42:07,504 - Encoded /home/fergus/data/icloud_data/raw_icloud/IMG_0996.jpg images
2023-07-30 16:42:07,509 - Encoded /home/fergus/data/icloud_data/raw_icloud/IMG_0997.jpg images
2023-07-30 16:42:07,513 - Encoded /home/fergus/data/icloud_data/raw_icloud/IMG_0998.jpg images
2023-07-30 16:42:07,518 - Encoded /home/fergus/data/icloud_data/raw_icloud/IMG_0999.jpg images
2023-07-30 16:42:07,524 - Encoded /home/fergus/data/icloud_data/raw_icloud/IMG_1001.jpg images
2023-07-30 16:42:07,530 - Encoded /home/fergus/data/icloud_data/raw_icloud/IMG_1002.jpg images
2023-07-30 16:42:07,535 - Encoded /home/fergus/data/icloud_data/raw_icloud/IMG_1003.jpg images
2023-07-30 16:42:07,541 - Encoded /home/fergus/data/icloud_data/raw_icloud/IMG_1004.jpg images
2023-07-30 16:42:07,546 - Encoded /home/fergus/data/icloud_data/raw_icloud/IMG_1052.jpg images
2023-07-30 16:42:07,550 - Encoded /home/fergus/data/icloud_data/raw_icloud/IMG_1054.jpg images
2023-07-30 16:42:07,553 - Encoded /home/fergus/data/icloud_data/raw_icloud/IMG_1055.jpg images
2023-07-30 16:42:07,557 - Encoded /home/fergus/data/icloud_data/raw_icloud/IMG_1056.jpg images
2023-07-30 16:42:07,561 - Encoded /home/fergus/data/icloud_data/raw_icloud/IMG_1067.jpg images
2023-07-30 16:42:07,565 - Encoded /home/fergus/data/icloud_data/raw_icloud/IMG_1073.jpg images
2023-07-30 16:42:07,568 - Encoded /home/fergus/data/icloud_data/raw_icloud/IMG_1098.jpg images
2023-07-30 16:42:07,572 - Encoded /home/fergus/data/icloud_data/raw_icloud/IMG_1099.jpg images
2023-07-30 16:42:07,576 - Encoded /home/fergus/data/icloud_data/raw_icloud/IMG_1100.jpg images
2023-07-30 16:42:07,580 - Encoded /home/fergus/data/icloud_data/raw_icloud/IMG_1101.jpg images
2023-07-30 16:42:07,583 - Encoded /home/fergus/data/icloud_data/raw_icloud/IMG_1102.jpg images
2023-07-30 16:42:07,587 - Encoded /home/fergus/data/icloud_data/raw_icloud/IMG_1103.jpg images
2023-07-30 16:42:07,590 - Encoded /home/fergus/data/icloud_data/raw_icloud/IMG_1108.jpg images
2023-07-30 16:42:07,593 - Encoded /home/fergus/data/icloud_data/raw_icloud/IMG_1109.jpg images
2023-07-30 16:42:07,597 - Encoded /home/fergus/data/icloud_data/raw_icloud/IMG_1119.jpg images
2023-07-30 16:42:07,600 - Encoded /home/fergus/data/icloud_data/raw_icloud/IMG_1120.jpg images
2023-07-30 16:42:07,603 - Encoded /home/fergus/data/icloud_data/raw_icloud/IMG_1121.jpg images
2023-07-30 16:42:07,607 - Encoded /home/fergus/data/icloud_data/raw_icloud/IMG_1123.jpg images
2023-07-30 16:42:07,611 - Encoded /home/fergus/data/icloud_data/raw_icloud/IMG_1141.jpg images
2023-07-30 16:42:07,615 - Encoded /home/fergus/data/icloud_data/raw_icloud/IMG_1149.jpg images
2023-07-30 16:42:07,620 - Encoded /home/fergus/data/icloud_data/raw_icloud/IMG_1159.jpg images
2023-07-30 16:42:07,627 - Encoded /home/fergus/data/icloud_data/raw_icloud/IMG_1160.jpg images
2023-07-30 16:42:07,633 - Encoded /home/fergus/data/icloud_data/raw_icloud/IMG_1163.jpg images
2023-07-30 16:42:07,638 - Encoded /home/fergus/data/icloud_data/raw_icloud/IMG_1170.jpg images
2023-07-30 16:42:07,643 - Encoded /home/fergus/data/icloud_data/raw_icloud/IMG_1171.jpg images
2023-07-30 16:42:07,646 - Encoded /home/fergus/data/icloud_data/raw_icloud/IMG_1175.jpg images
2023-07-30 16:42:07,646 - Encoded 99 images
2023-07-30 17:19:00,715 - Encoding dataset
2023-07-30 17:19:02,457 - Encoded /home/fergus/data/icloud_data/raw_icloud/65406640450__2035E50E-1163-4602-A1E7-441C3124A9FB.jpg images
2023-07-30 17:19:02,466 - Encoded /home/fergus/data/icloud_data/raw_icloud/65511171636__33477F60-3F0A-4C42-A5CC-D430B9AFB785.jpg images
2023-07-30 17:19:02,470 - Encoded /home/fergus/data/icloud_data/raw_icloud/65563041563__2535EEAA-8B68-475F-AC4A-ACEF1D65BF6D.jpg images
2023-07-30 17:19:02,475 - Encoded /home/fergus/data/icloud_data/raw_icloud/67679798003__9EA3875E-3FE3-4EAA-BED5-1AB17FCAF02B.jpg images
2023-07-30 17:19:02,478 - Encoded /home/fergus/data/icloud_data/raw_icloud/68414075190__4FDAB71A-6D36-4A63-97EF-8653B9D5CD42.jpg images
2023-07-30 17:19:02,484 - Encoded /home/fergus/data/icloud_data/raw_icloud/68490478794__7894C590-2646-49AD-B65D-2BDC65824C5F.jpg images
2023-07-30 17:19:02,488 - Encoded /home/fergus/data/icloud_data/raw_icloud/68885754547__93822554-80E1-4A47-94A6-D07C21854B9E.jpg images
2023-07-30 17:19:02,491 - Encoded /home/fergus/data/icloud_data/raw_icloud/IMG_0037.jpg images
2023-07-30 17:19:02,495 - Encoded /home/fergus/data/icloud_data/raw_icloud/IMG_0043.jpg images
2023-07-30 17:19:02,498 - Encoded /home/fergus/data/icloud_data/raw_icloud/IMG_0049.jpg images
2023-07-30 17:19:02,501 - Encoded /home/fergus/data/icloud_data/raw_icloud/IMG_0050.jpg images
2023-07-30 17:19:02,507 - Encoded /home/fergus/data/icloud_data/raw_icloud/IMG_0207.jpg images
2023-07-30 17:19:02,512 - Encoded /home/fergus/data/icloud_data/raw_icloud/IMG_0208.jpg images
2023-07-30 17:19:02,517 - Encoded /home/fergus/data/icloud_data/raw_icloud/IMG_0209.jpg images
2023-07-30 17:19:02,521 - Encoded /home/fergus/data/icloud_data/raw_icloud/IMG_0210.jpg images
2023-07-30 17:19:02,526 - Encoded /home/fergus/data/icloud_data/raw_icloud/IMG_0211.jpg images
2023-07-30 17:19:02,531 - Encoded /home/fergus/data/icloud_data/raw_icloud/IMG_0212.jpg images
2023-07-30 17:19:02,538 - Encoded /home/fergus/data/icloud_data/raw_icloud/IMG_0213.jpg images
2023-07-30 17:19:02,544 - Encoded /home/fergus/data/icloud_data/raw_icloud/IMG_0214.jpg images
2023-07-30 17:19:02,547 - Encoded /home/fergus/data/icloud_data/raw_icloud/IMG_0637.jpg images
2023-07-30 17:19:02,552 - Encoded /home/fergus/data/icloud_data/raw_icloud/IMG_0638.jpg images
2023-07-30 17:19:02,555 - Encoded /home/fergus/data/icloud_data/raw_icloud/IMG_0676.jpg images
2023-07-30 17:19:02,558 - Encoded /home/fergus/data/icloud_data/raw_icloud/IMG_0807.jpg images
2023-07-30 17:19:02,562 - Encoded /home/fergus/data/icloud_data/raw_icloud/IMG_0811.jpg images
2023-07-30 17:19:02,565 - Encoded /home/fergus/data/icloud_data/raw_icloud/IMG_0812.jpg images
2023-07-30 17:19:02,569 - Encoded /home/fergus/data/icloud_data/raw_icloud/IMG_0813.jpg images
2023-07-30 17:19:02,572 - Encoded /home/fergus/data/icloud_data/raw_icloud/IMG_0815.jpg images
2023-07-30 17:19:02,576 - Encoded /home/fergus/data/icloud_data/raw_icloud/IMG_0816.jpg images
2023-07-30 17:19:02,580 - Encoded /home/fergus/data/icloud_data/raw_icloud/IMG_0817.jpg images
2023-07-30 17:19:02,583 - Encoded /home/fergus/data/icloud_data/raw_icloud/IMG_0818.jpg images
2023-07-30 17:19:02,586 - Encoded /home/fergus/data/icloud_data/raw_icloud/IMG_0819.jpg images
2023-07-30 17:19:02,590 - Encoded /home/fergus/data/icloud_data/raw_icloud/IMG_0820.jpg images
2023-07-30 17:19:02,593 - Encoded /home/fergus/data/icloud_data/raw_icloud/IMG_0821.jpg images
2023-07-30 17:19:02,597 - Encoded /home/fergus/data/icloud_data/raw_icloud/IMG_0822.jpg images
2023-07-30 17:19:02,601 - Encoded /home/fergus/data/icloud_data/raw_icloud/IMG_0823.jpg images
2023-07-30 17:19:02,604 - Encoded /home/fergus/data/icloud_data/raw_icloud/IMG_0824.jpg images
2023-07-30 17:19:02,608 - Encoded /home/fergus/data/icloud_data/raw_icloud/IMG_0825.jpg images
2023-07-30 17:19:02,611 - Encoded /home/fergus/data/icloud_data/raw_icloud/IMG_0826.jpg images
2023-07-30 17:19:02,614 - Encoded /home/fergus/data/icloud_data/raw_icloud/IMG_0827.jpg images
2023-07-30 17:19:02,618 - Encoded /home/fergus/data/icloud_data/raw_icloud/IMG_0828.jpg images
2023-07-30 17:19:02,621 - Encoded /home/fergus/data/icloud_data/raw_icloud/IMG_0829.jpg images
2023-07-30 17:19:02,625 - Encoded /home/fergus/data/icloud_data/raw_icloud/IMG_0841.jpg images
2023-07-30 17:19:02,629 - Encoded /home/fergus/data/icloud_data/raw_icloud/IMG_0849.jpg images
2023-07-30 17:19:02,632 - Encoded /home/fergus/data/icloud_data/raw_icloud/IMG_0904.jpg images
2023-07-30 17:19:02,639 - Encoded /home/fergus/data/icloud_data/raw_icloud/IMG_0974.jpg images
2023-07-30 17:19:02,646 - Encoded /home/fergus/data/icloud_data/raw_icloud/IMG_0975.jpg images
2023-07-30 17:19:02,651 - Encoded /home/fergus/data/icloud_data/raw_icloud/IMG_0976.jpg images
2023-07-30 17:19:02,656 - Encoded /home/fergus/data/icloud_data/raw_icloud/IMG_0977.jpg images
2023-07-30 17:19:02,661 - Encoded /home/fergus/data/icloud_data/raw_icloud/IMG_0978.jpg images
2023-07-30 17:19:02,667 - Encoded /home/fergus/data/icloud_data/raw_icloud/IMG_0979.jpg images
2023-07-30 17:19:02,672 - Encoded /home/fergus/data/icloud_data/raw_icloud/IMG_0980.jpg images
2023-07-30 17:19:02,677 - Encoded /home/fergus/data/icloud_data/raw_icloud/IMG_0981.jpg images
2023-07-30 17:19:02,682 - Encoded /home/fergus/data/icloud_data/raw_icloud/IMG_0982.jpg images
2023-07-30 17:19:02,686 - Encoded /home/fergus/data/icloud_data/raw_icloud/IMG_0983.jpg images
2023-07-30 17:19:02,691 - Encoded /home/fergus/data/icloud_data/raw_icloud/IMG_0984.jpg images
2023-07-30 17:19:02,696 - Encoded /home/fergus/data/icloud_data/raw_icloud/IMG_0985.jpg images
2023-07-30 17:19:02,701 - Encoded /home/fergus/data/icloud_data/raw_icloud/IMG_0986.jpg images
2023-07-30 17:19:02,705 - Encoded /home/fergus/data/icloud_data/raw_icloud/IMG_0987.jpg images
2023-07-30 17:19:02,710 - Encoded /home/fergus/data/icloud_data/raw_icloud/IMG_0988.jpg images
2023-07-30 17:19:02,715 - Encoded /home/fergus/data/icloud_data/raw_icloud/IMG_0989.jpg images
2023-07-30 17:19:02,720 - Encoded /home/fergus/data/icloud_data/raw_icloud/IMG_0990.jpg images
2023-07-30 17:19:02,725 - Encoded /home/fergus/data/icloud_data/raw_icloud/IMG_0991.jpg images
2023-07-30 17:19:02,730 - Encoded /home/fergus/data/icloud_data/raw_icloud/IMG_0992.jpg images
2023-07-30 17:19:02,735 - Encoded /home/fergus/data/icloud_data/raw_icloud/IMG_0994.jpg images
2023-07-30 17:19:02,739 - Encoded /home/fergus/data/icloud_data/raw_icloud/IMG_0995.jpg images
2023-07-30 17:19:02,744 - Encoded /home/fergus/data/icloud_data/raw_icloud/IMG_0996.jpg images
2023-07-30 17:19:02,749 - Encoded /home/fergus/data/icloud_data/raw_icloud/IMG_0997.jpg images
2023-07-30 17:19:02,753 - Encoded /home/fergus/data/icloud_data/raw_icloud/IMG_0998.jpg images
2023-07-30 17:19:02,758 - Encoded /home/fergus/data/icloud_data/raw_icloud/IMG_0999.jpg images
2023-07-30 17:19:02,764 - Encoded /home/fergus/data/icloud_data/raw_icloud/IMG_1001.jpg images
2023-07-30 17:19:02,769 - Encoded /home/fergus/data/icloud_data/raw_icloud/IMG_1002.jpg images
2023-07-30 17:19:02,774 - Encoded /home/fergus/data/icloud_data/raw_icloud/IMG_1003.jpg images
2023-07-30 17:19:02,779 - Encoded /home/fergus/data/icloud_data/raw_icloud/IMG_1004.jpg images
2023-07-30 17:19:02,783 - Encoded /home/fergus/data/icloud_data/raw_icloud/IMG_1052.jpg images
2023-07-30 17:19:02,786 - Encoded /home/fergus/data/icloud_data/raw_icloud/IMG_1054.jpg images
2023-07-30 17:19:02,790 - Encoded /home/fergus/data/icloud_data/raw_icloud/IMG_1055.jpg images
2023-07-30 17:19:02,793 - Encoded /home/fergus/data/icloud_data/raw_icloud/IMG_1056.jpg images
2023-07-30 17:19:02,797 - Encoded /home/fergus/data/icloud_data/raw_icloud/IMG_1067.jpg images
2023-07-30 17:19:02,801 - Encoded /home/fergus/data/icloud_data/raw_icloud/IMG_1073.jpg images
2023-07-30 17:19:02,804 - Encoded /home/fergus/data/icloud_data/raw_icloud/IMG_1098.jpg images
2023-07-30 17:19:02,808 - Encoded /home/fergus/data/icloud_data/raw_icloud/IMG_1099.jpg images
2023-07-30 17:19:02,812 - Encoded /home/fergus/data/icloud_data/raw_icloud/IMG_1100.jpg images
2023-07-30 17:19:02,816 - Encoded /home/fergus/data/icloud_data/raw_icloud/IMG_1101.jpg images
2023-07-30 17:19:02,820 - Encoded /home/fergus/data/icloud_data/raw_icloud/IMG_1102.jpg images
2023-07-30 17:19:02,824 - Encoded /home/fergus/data/icloud_data/raw_icloud/IMG_1103.jpg images
2023-07-30 17:19:02,827 - Encoded /home/fergus/data/icloud_data/raw_icloud/IMG_1108.jpg images
2023-07-30 17:19:02,830 - Encoded /home/fergus/data/icloud_data/raw_icloud/IMG_1109.jpg images
2023-07-30 17:19:02,834 - Encoded /home/fergus/data/icloud_data/raw_icloud/IMG_1119.jpg images
2023-07-30 17:19:02,837 - Encoded /home/fergus/data/icloud_data/raw_icloud/IMG_1120.jpg images
2023-07-30 17:19:02,841 - Encoded /home/fergus/data/icloud_data/raw_icloud/IMG_1121.jpg images
2023-07-30 17:19:02,844 - Encoded /home/fergus/data/icloud_data/raw_icloud/IMG_1123.jpg images
2023-07-30 17:19:02,848 - Encoded /home/fergus/data/icloud_data/raw_icloud/IMG_1141.jpg images
2023-07-30 17:19:02,852 - Encoded /home/fergus/data/icloud_data/raw_icloud/IMG_1149.jpg images
2023-07-30 17:19:02,857 - Encoded /home/fergus/data/icloud_data/raw_icloud/IMG_1159.jpg images
2023-07-30 17:19:02,863 - Encoded /home/fergus/data/icloud_data/raw_icloud/IMG_1160.jpg images
2023-07-30 17:19:02,869 - Encoded /home/fergus/data/icloud_data/raw_icloud/IMG_1163.jpg images
2023-07-30 17:19:02,874 - Encoded /home/fergus/data/icloud_data/raw_icloud/IMG_1170.jpg images
2023-07-30 17:19:02,879 - Encoded /home/fergus/data/icloud_data/raw_icloud/IMG_1171.jpg images
2023-07-30 17:19:02,882 - Encoded /home/fergus/data/icloud_data/raw_icloud/IMG_1175.jpg images
2023-07-30 17:19:02,882 - Encoded 99 images
2023-07-30 17:34:13,010 - Encoding dataset
2023-07-30 17:39:09,898 - Encoding dataset
2023-07-30 17:39:09,932 - Encoded /home/fergus/data/icloud_data/raw_icloud/65406640450__2035E50E-1163-4602-A1E7-441C3124A9FB.jpg images
2023-07-30 17:39:09,939 - Encoded /home/fergus/data/icloud_data/raw_icloud/65511171636__33477F60-3F0A-4C42-A5CC-D430B9AFB785.jpg images
2023-07-30 17:39:09,943 - Encoded /home/fergus/data/icloud_data/raw_icloud/65563041563__2535EEAA-8B68-475F-AC4A-ACEF1D65BF6D.jpg images
2023-07-30 17:39:09,947 - Encoded /home/fergus/data/icloud_data/raw_icloud/67679798003__9EA3875E-3FE3-4EAA-BED5-1AB17FCAF02B.jpg images
2023-07-30 17:39:09,950 - Encoded /home/fergus/data/icloud_data/raw_icloud/68414075190__4FDAB71A-6D36-4A63-97EF-8653B9D5CD42.jpg images
2023-07-30 17:39:09,956 - Encoded /home/fergus/data/icloud_data/raw_icloud/68490478794__7894C590-2646-49AD-B65D-2BDC65824C5F.jpg images
2023-07-30 17:39:09,960 - Encoded /home/fergus/data/icloud_data/raw_icloud/68885754547__93822554-80E1-4A47-94A6-D07C21854B9E.jpg images
2023-07-30 17:39:09,964 - Encoded /home/fergus/data/icloud_data/raw_icloud/IMG_0037.jpg images
2023-07-30 17:39:09,968 - Encoded /home/fergus/data/icloud_data/raw_icloud/IMG_0043.jpg images
2023-07-30 17:39:09,972 - Encoded /home/fergus/data/icloud_data/raw_icloud/IMG_0049.jpg images
2023-07-30 17:39:09,976 - Encoded /home/fergus/data/icloud_data/raw_icloud/IMG_0050.jpg images
2023-07-30 17:39:09,983 - Encoded /home/fergus/data/icloud_data/raw_icloud/IMG_0207.jpg images
2023-07-30 17:39:09,988 - Encoded /home/fergus/data/icloud_data/raw_icloud/IMG_0208.jpg images
2023-07-30 17:39:09,993 - Encoded /home/fergus/data/icloud_data/raw_icloud/IMG_0209.jpg images
2023-07-30 17:39:09,998 - Encoded /home/fergus/data/icloud_data/raw_icloud/IMG_0210.jpg images
2023-07-30 17:39:10,004 - Encoded /home/fergus/data/icloud_data/raw_icloud/IMG_0211.jpg images
2023-07-30 17:39:10,010 - Encoded /home/fergus/data/icloud_data/raw_icloud/IMG_0212.jpg images
2023-07-30 17:39:10,017 - Encoded /home/fergus/data/icloud_data/raw_icloud/IMG_0213.jpg images
2023-07-30 17:39:10,024 - Encoded /home/fergus/data/icloud_data/raw_icloud/IMG_0214.jpg images
2023-07-30 17:39:10,028 - Encoded /home/fergus/data/icloud_data/raw_icloud/IMG_0637.jpg images
2023-07-30 17:39:10,032 - Encoded /home/fergus/data/icloud_data/raw_icloud/IMG_0638.jpg images
2023-07-30 17:39:10,035 - Encoded /home/fergus/data/icloud_data/raw_icloud/IMG_0676.jpg images
2023-07-30 17:39:10,039 - Encoded /home/fergus/data/icloud_data/raw_icloud/IMG_0807.jpg images
2023-07-30 17:39:10,043 - Encoded /home/fergus/data/icloud_data/raw_icloud/IMG_0811.jpg images
2023-07-30 17:39:10,048 - Encoded /home/fergus/data/icloud_data/raw_icloud/IMG_0812.jpg images
2023-07-30 17:39:10,052 - Encoded /home/fergus/data/icloud_data/raw_icloud/IMG_0813.jpg images
2023-07-30 17:39:10,056 - Encoded /home/fergus/data/icloud_data/raw_icloud/IMG_0815.jpg images
2023-07-30 17:39:10,061 - Encoded /home/fergus/data/icloud_data/raw_icloud/IMG_0816.jpg images
2023-07-30 17:39:10,065 - Encoded /home/fergus/data/icloud_data/raw_icloud/IMG_0817.jpg images
2023-07-30 17:39:10,069 - Encoded /home/fergus/data/icloud_data/raw_icloud/IMG_0818.jpg images
2023-07-30 17:39:10,073 - Encoded /home/fergus/data/icloud_data/raw_icloud/IMG_0819.jpg images
2023-07-30 17:39:10,078 - Encoded /home/fergus/data/icloud_data/raw_icloud/IMG_0820.jpg images
2023-07-30 17:39:10,082 - Encoded /home/fergus/data/icloud_data/raw_icloud/IMG_0821.jpg images
2023-07-30 17:39:10,086 - Encoded /home/fergus/data/icloud_data/raw_icloud/IMG_0822.jpg images
2023-07-30 17:39:10,090 - Encoded /home/fergus/data/icloud_data/raw_icloud/IMG_0823.jpg images
2023-07-30 17:39:10,094 - Encoded /home/fergus/data/icloud_data/raw_icloud/IMG_0824.jpg images
2023-07-30 17:39:10,099 - Encoded /home/fergus/data/icloud_data/raw_icloud/IMG_0825.jpg images
2023-07-30 17:39:10,103 - Encoded /home/fergus/data/icloud_data/raw_icloud/IMG_0826.jpg images
2023-07-30 17:39:10,107 - Encoded /home/fergus/data/icloud_data/raw_icloud/IMG_0827.jpg images
2023-07-30 17:39:10,111 - Encoded /home/fergus/data/icloud_data/raw_icloud/IMG_0828.jpg images
2023-07-30 17:39:10,115 - Encoded /home/fergus/data/icloud_data/raw_icloud/IMG_0829.jpg images
2023-07-30 17:39:10,120 - Encoded /home/fergus/data/icloud_data/raw_icloud/IMG_0841.jpg images
2023-07-30 17:39:10,124 - Encoded /home/fergus/data/icloud_data/raw_icloud/IMG_0849.jpg images
2023-07-30 17:39:10,129 - Encoded /home/fergus/data/icloud_data/raw_icloud/IMG_0904.jpg images
2023-07-30 17:39:10,135 - Encoded /home/fergus/data/icloud_data/raw_icloud/IMG_0974.jpg images
2023-07-30 17:39:10,141 - Encoded /home/fergus/data/icloud_data/raw_icloud/IMG_0975.jpg images
2023-07-30 17:39:10,148 - Encoded /home/fergus/data/icloud_data/raw_icloud/IMG_0976.jpg images
2023-07-30 17:39:10,153 - Encoded /home/fergus/data/icloud_data/raw_icloud/IMG_0977.jpg images
2023-07-30 17:39:10,159 - Encoded /home/fergus/data/icloud_data/raw_icloud/IMG_0978.jpg images
2023-07-30 17:39:10,165 - Encoded /home/fergus/data/icloud_data/raw_icloud/IMG_0979.jpg images
2023-07-30 17:39:10,172 - Encoded /home/fergus/data/icloud_data/raw_icloud/IMG_0980.jpg images
2023-07-30 17:39:10,178 - Encoded /home/fergus/data/icloud_data/raw_icloud/IMG_0981.jpg images
2023-07-30 17:39:10,183 - Encoded /home/fergus/data/icloud_data/raw_icloud/IMG_0982.jpg images
2023-07-30 17:39:10,188 - Encoded /home/fergus/data/icloud_data/raw_icloud/IMG_0983.jpg images
2023-07-30 17:39:10,193 - Encoded /home/fergus/data/icloud_data/raw_icloud/IMG_0984.jpg images
2023-07-30 17:39:10,199 - Encoded /home/fergus/data/icloud_data/raw_icloud/IMG_0985.jpg images
2023-07-30 17:39:10,205 - Encoded /home/fergus/data/icloud_data/raw_icloud/IMG_0986.jpg images
2023-07-30 17:39:10,211 - Encoded /home/fergus/data/icloud_data/raw_icloud/IMG_0987.jpg images
2023-07-30 17:39:10,216 - Encoded /home/fergus/data/icloud_data/raw_icloud/IMG_0988.jpg images
2023-07-30 17:39:10,222 - Encoded /home/fergus/data/icloud_data/raw_icloud/IMG_0989.jpg images
2023-07-30 17:39:10,228 - Encoded /home/fergus/data/icloud_data/raw_icloud/IMG_0990.jpg images
2023-07-30 17:39:10,234 - Encoded /home/fergus/data/icloud_data/raw_icloud/IMG_0991.jpg images
2023-07-30 17:39:10,240 - Encoded /home/fergus/data/icloud_data/raw_icloud/IMG_0992.jpg images
2023-07-30 17:39:10,245 - Encoded /home/fergus/data/icloud_data/raw_icloud/IMG_0994.jpg images
2023-07-30 17:39:10,251 - Encoded /home/fergus/data/icloud_data/raw_icloud/IMG_0995.jpg images
2023-07-30 17:39:10,256 - Encoded /home/fergus/data/icloud_data/raw_icloud/IMG_0996.jpg images
2023-07-30 17:39:10,261 - Encoded /home/fergus/data/icloud_data/raw_icloud/IMG_0997.jpg images
2023-07-30 17:39:10,267 - Encoded /home/fergus/data/icloud_data/raw_icloud/IMG_0998.jpg images
2023-07-30 17:39:10,272 - Encoded /home/fergus/data/icloud_data/raw_icloud/IMG_0999.jpg images
2023-07-30 17:39:10,278 - Encoded /home/fergus/data/icloud_data/raw_icloud/IMG_1001.jpg images
2023-07-30 17:39:10,284 - Encoded /home/fergus/data/icloud_data/raw_icloud/IMG_1002.jpg images
2023-07-30 17:39:10,290 - Encoded /home/fergus/data/icloud_data/raw_icloud/IMG_1003.jpg images
2023-07-30 17:39:10,296 - Encoded /home/fergus/data/icloud_data/raw_icloud/IMG_1004.jpg images
2023-07-30 17:39:10,300 - Encoded /home/fergus/data/icloud_data/raw_icloud/IMG_1052.jpg images
2023-07-30 17:39:10,304 - Encoded /home/fergus/data/icloud_data/raw_icloud/IMG_1054.jpg images
2023-07-30 17:39:10,309 - Encoded /home/fergus/data/icloud_data/raw_icloud/IMG_1055.jpg images
2023-07-30 17:39:10,313 - Encoded /home/fergus/data/icloud_data/raw_icloud/IMG_1056.jpg images
2023-07-30 17:39:10,317 - Encoded /home/fergus/data/icloud_data/raw_icloud/IMG_1067.jpg images
2023-07-30 17:39:10,322 - Encoded /home/fergus/data/icloud_data/raw_icloud/IMG_1073.jpg images
2023-07-30 17:39:10,326 - Encoded /home/fergus/data/icloud_data/raw_icloud/IMG_1098.jpg images
2023-07-30 17:39:10,331 - Encoded /home/fergus/data/icloud_data/raw_icloud/IMG_1099.jpg images
2023-07-30 17:39:10,335 - Encoded /home/fergus/data/icloud_data/raw_icloud/IMG_1100.jpg images
2023-07-30 17:39:10,340 - Encoded /home/fergus/data/icloud_data/raw_icloud/IMG_1101.jpg images
2023-07-30 17:39:10,345 - Encoded /home/fergus/data/icloud_data/raw_icloud/IMG_1102.jpg images
2023-07-30 17:39:10,349 - Encoded /home/fergus/data/icloud_data/raw_icloud/IMG_1103.jpg images
2023-07-30 17:39:10,353 - Encoded /home/fergus/data/icloud_data/raw_icloud/IMG_1108.jpg images
2023-07-30 17:39:10,357 - Encoded /home/fergus/data/icloud_data/raw_icloud/IMG_1109.jpg images
2023-07-30 17:39:10,362 - Encoded /home/fergus/data/icloud_data/raw_icloud/IMG_1119.jpg images
2023-07-30 17:39:10,366 - Encoded /home/fergus/data/icloud_data/raw_icloud/IMG_1120.jpg images
2023-07-30 17:39:10,370 - Encoded /home/fergus/data/icloud_data/raw_icloud/IMG_1121.jpg images
2023-07-30 17:39:10,374 - Encoded /home/fergus/data/icloud_data/raw_icloud/IMG_1123.jpg images
2023-07-30 17:39:10,379 - Encoded /home/fergus/data/icloud_data/raw_icloud/IMG_1141.jpg images
2023-07-30 17:39:10,384 - Encoded /home/fergus/data/icloud_data/raw_icloud/IMG_1149.jpg images
2023-07-30 17:39:10,389 - Encoded /home/fergus/data/icloud_data/raw_icloud/IMG_1159.jpg images
2023-07-30 17:39:10,395 - Encoded /home/fergus/data/icloud_data/raw_icloud/IMG_1160.jpg images
2023-07-30 17:39:10,401 - Encoded /home/fergus/data/icloud_data/raw_icloud/IMG_1163.jpg images
2023-07-30 17:39:10,407 - Encoded /home/fergus/data/icloud_data/raw_icloud/IMG_1170.jpg images
2023-07-30 17:39:10,413 - Encoded /home/fergus/data/icloud_data/raw_icloud/IMG_1171.jpg images
2023-07-30 17:39:10,417 - Encoded /home/fergus/data/icloud_data/raw_icloud/IMG_1175.jpg images
2023-07-30 17:39:10,417 - Encoded 99 images
